2026-01-13T17:07:37+00:00 DEBUG #5228 - [New Request] GET /wp-admin/admin.php
2026-01-13T17:07:37+00:00 DEBUG #5228 - GET https://api.woocommerce.com/integrations/ppc/v1/customer/partners/K8SKZ36LQBWXJ/merchant-integrations/
Response: Array
(
    [code] => 404
    [message] => Not Found
)

Response Body: {"statusCode":404,"error":"Not Found","message":"Not Found"}
2026-01-13T17:07:37+00:00 WARNING #5228 - [Error] Not Found CONTEXT: {"args":{"method":"GET","headers":{"Authorization":"Bearer token","Content-Type":"application/json"}},"response":{"headers":{},"body":"{"statusCode":404,"error":"Not Found","message":"Not Found"}","response":{"code":404,"message":"Not Found"},"cookies":[],"filename":null,"http_response":{"data":null,"headers":null,"status":null}}}
2026-01-13T17:07:40+00:00 DEBUG #4538 - [New Request] GET /index.php
2026-01-13T17:07:40+00:00 DEBUG #4538 - GET https://api.woocommerce.com/integrations/ppc/v1/notifications/webhooks
Response: Array
(
    [code] => 404
    [message] => Not Found
)

Response Body: {"statusCode":404,"error":"Not Found","message":"Not Found"}
2026-01-13T17:08:42+00:00 DEBUG #7699 - [New Request] POST /index.php
2026-01-13T17:08:42+00:00 INFO #7699 - Generating onboarding URL for: production-express_checkout-
2026-01-13T17:08:42+00:00 DEBUG #7699 - POST https://api.woocommerce.com/integrations/ppc/v2/customer/partner-referrals
Request Body: {"partner_config_override":{"return_url":"http:\/\/tdpn.ddns.net\/wp-admin\/admin.php?page=wc-settings&tab=checkout&section=ppcp-gateway&ppcpToken=eyJrIjoicHJvZHVjdGlvbi1leHByZXNzX2NoZWNrb3V0LSIsInUiOjEsImgiOiI2MjcyNzRjYmJiZjMzMmU1OWZkMmQ1ODE4NTM4YzYwMyJ9","return_url_description":"Volver a tu tienda.","show_add_credit_card":false},"products":["PPCP","ADVANCED_VAULTING"],"capabilities":["PAYPAL_WALLET_VAULTING_ADVANCED"],"legal_consents":[{"type":"SHARE_DATA_CONSENT","granted":true}],"operations":[{"operation":"API_INTEGRATION","api_integration_preference":{"rest_api_integration":{"integration_method":"PAYPAL","integration_type":"FIRST_PARTY","first_party_details":{"features":["PAYMENT","REFUND","ADVANCED_TRANSACTIONS_SEARCH","TRACKING_SHIPMENT_READWRITE","BILLING_AGREEMENT"],"seller_nonce":"a1233wtergfsdt4365tzrshgfbaewa36AGa1233wtergfsdt4365tzrshgfbaewa36AG"}}}}]}
Response Debug ID: ddacb84b5f3c9
Response: Array
(
    [code] => 201
    [message] => Created
)

2026-01-13T17:08:45+00:00 DEBUG #7301 - [New Request] POST /index.php
2026-01-13T17:08:45+00:00 DEBUG #7301 - Loaded onboarding URL from cache: production-express_checkout-
2026-01-13T17:08:45+00:00 INFO #7301 - Using cached onboarding URL for: production-express_checkout-
2026-01-13T17:08:45+00:00 DEBUG #9160 - [New Request] POST /index.php
2026-01-13T17:08:45+00:00 DEBUG #9160 - Loaded onboarding URL from cache: production-express_checkout-
2026-01-13T17:08:45+00:00 INFO #9160 - Using cached onboarding URL for: production-express_checkout-
